Determining if the pthread_create exist failed with the following output:
Change Dir: /home/kartik/Documents/gazebo_practice_ws/build/CMakeFiles/CMakeTmp

Run Build Command:"/usr/bin/make" "cmTC_60919/fast"
/usr/bin/make -f CMakeFiles/cmTC_60919.dir/build.make CMakeFiles/cmTC_60919.dir/build
make[1]: Entering directory '/home/kartik/Documents/gazebo_practice_ws/build/CMakeFiles/CMakeTmp'
Building C object CMakeFiles/cmTC_60919.dir/CheckSymbolExists.c.o
/usr/bin/cc    -o CMakeFiles/cmTC_60919.dir/CheckSymbolExists.c.o   -c /home/kartik/Documents/gazebo_practice_ws/build/CMakeFiles/CMakeTmp/CheckSymbolExists.c
Linking C executable cmTC_60919
/usr/bin/cmake -E cmake_link_script CMakeFiles/cmTC_60919.dir/link.txt --verbose=1
/usr/bin/cc      -rdynamic CMakeFiles/cmTC_60919.dir/CheckSymbolExists.c.o  -o cmTC_60919 
CMakeFiles/cmTC_60919.dir/CheckSymbolExists.c.o: In function `main':
CheckSymbolExists.c:(.text+0x1b): undefined reference to `pthread_create'
collect2: error: ld returned 1 exit status
CMakeFiles/cmTC_60919.dir/build.make:97: recipe for target 'cmTC_60919' failed
make[1]: *** [cmTC_60919] Error 1
make[1]: Leaving directory '/home/kartik/Documents/gazebo_practice_ws/build/CMakeFiles/CMakeTmp'
Makefile:126: recipe for target 'cmTC_60919/fast' failed
make: *** [cmTC_60919/fast] Error 2

File /home/kartik/Documents/gazebo_practice_ws/build/CMakeFiles/CMakeTmp/CheckSymbolExists.c:
/* */
#include <pthread.h>

int main(int argc, char** argv)
{
  (void)argv;
#ifndef pthread_create
  return ((int*)(&pthread_create))[argc];
#else
  (void)argc;
  return 0;
#endif
}

Determining if the function pthread_create exists in the pthreads failed with the following output:
Change Dir: /home/kartik/Documents/gazebo_practice_ws/build/CMakeFiles/CMakeTmp

Run Build Command:"/usr/bin/make" "cmTC_217ea/fast"
/usr/bin/make -f CMakeFiles/cmTC_217ea.dir/build.make CMakeFiles/cmTC_217ea.dir/build
make[1]: Entering directory '/home/kartik/Documents/gazebo_practice_ws/build/CMakeFiles/CMakeTmp'
Building C object CMakeFiles/cmTC_217ea.dir/CheckFunctionExists.c.o
/usr/bin/cc   -DCHECK_FUNCTION_EXISTS=pthread_create   -o CMakeFiles/cmTC_217ea.dir/CheckFunctionExists.c.o   -c /usr/share/cmake-3.10/Modules/CheckFunctionExists.c
Linking C executable cmTC_217ea
/usr/bin/cmake -E cmake_link_script CMakeFiles/cmTC_217ea.dir/link.txt --verbose=1
/usr/bin/cc  -DCHECK_FUNCTION_EXISTS=pthread_create    -rdynamic CMakeFiles/cmTC_217ea.dir/CheckFunctionExists.c.o  -o cmTC_217ea -lpthreads 
/usr/bin/ld: cannot find -lpthreads
collect2: error: ld returned 1 exit status
CMakeFiles/cmTC_217ea.dir/build.make:97: recipe for target 'cmTC_217ea' failed
make[1]: *** [cmTC_217ea] Error 1
make[1]: Leaving directory '/home/kartik/Documents/gazebo_practice_ws/build/CMakeFiles/CMakeTmp'
Makefile:126: recipe for target 'cmTC_217ea/fast' failed
make: *** [cmTC_217ea/fast] Error 2


Determining if the Q_WS_WIN exist failed with the following output:
Change Dir: /home/kartik/Documents/gazebo_practice_ws/build/CMakeFiles/CMakeTmp

Run Build Command:"/usr/bin/make" "cmTC_87b27/fast"
make[1]: Entering directory '/home/kartik/Documents/gazebo_practice_ws/build/CMakeFiles/CMakeTmp'
/usr/bin/make -f CMakeFiles/cmTC_87b27.dir/build.make CMakeFiles/cmTC_87b27.dir/build
make[2]: Entering directory '/home/kartik/Documents/gazebo_practice_ws/build/CMakeFiles/CMakeTmp'
Building CXX object CMakeFiles/cmTC_87b27.dir/CheckSymbolExists.cxx.o
/usr/bin/c++   -I/usr/include/qt4   -o CMakeFiles/cmTC_87b27.dir/CheckSymbolExists.cxx.o -c /home/kartik/Documents/gazebo_practice_ws/build/CMakeFiles/CMakeTmp/CheckSymbolExists.cxx
/home/kartik/Documents/gazebo_practice_ws/build/CMakeFiles/CMakeTmp/CheckSymbolExists.cxx: In function ‘int main(int, char**)’:
/home/kartik/Documents/gazebo_practice_ws/build/CMakeFiles/CMakeTmp/CheckSymbolExists.cxx:8:19: error: ‘Q_WS_WIN’ was not declared in this scope
   return ((int*)(&Q_WS_WIN))[argc];
                   ^~~~~~~~
/home/kartik/Documents/gazebo_practice_ws/build/CMakeFiles/CMakeTmp/CheckSymbolExists.cxx:8:19: note: suggested alternative: ‘Q_WS_X11’
   return ((int*)(&Q_WS_WIN))[argc];
                   ^~~~~~~~
                   Q_WS_X11
CMakeFiles/cmTC_87b27.dir/build.make:65: recipe for target 'CMakeFiles/cmTC_87b27.dir/CheckSymbolExists.cxx.o' failed
make[2]: *** [CMakeFiles/cmTC_87b27.dir/CheckSymbolExists.cxx.o] Error 1
make[2]: Leaving directory '/home/kartik/Documents/gazebo_practice_ws/build/CMakeFiles/CMakeTmp'
Makefile:126: recipe for target 'cmTC_87b27/fast' failed
make[1]: *** [cmTC_87b27/fast] Error 2
make[1]: Leaving directory '/home/kartik/Documents/gazebo_practice_ws/build/CMakeFiles/CMakeTmp'

File /home/kartik/Documents/gazebo_practice_ws/build/CMakeFiles/CMakeTmp/CheckSymbolExists.cxx:
/* */
#include <QtCore/qglobal.h>

int main(int argc, char** argv)
{
  (void)argv;
#ifndef Q_WS_WIN
  return ((int*)(&Q_WS_WIN))[argc];
#else
  (void)argc;
  return 0;
#endif
}

Determining if the Q_WS_QWS exist failed with the following output:
Change Dir: /home/kartik/Documents/gazebo_practice_ws/build/CMakeFiles/CMakeTmp

Run Build Command:"/usr/bin/make" "cmTC_705c8/fast"
make[1]: Entering directory '/home/kartik/Documents/gazebo_practice_ws/build/CMakeFiles/CMakeTmp'
/usr/bin/make -f CMakeFiles/cmTC_705c8.dir/build.make CMakeFiles/cmTC_705c8.dir/build
make[2]: Entering directory '/home/kartik/Documents/gazebo_practice_ws/build/CMakeFiles/CMakeTmp'
Building CXX object CMakeFiles/cmTC_705c8.dir/CheckSymbolExists.cxx.o
/usr/bin/c++   -I/usr/include/qt4   -o CMakeFiles/cmTC_705c8.dir/CheckSymbolExists.cxx.o -c /home/kartik/Documents/gazebo_practice_ws/build/CMakeFiles/CMakeTmp/CheckSymbolExists.cxx
/home/kartik/Documents/gazebo_practice_ws/build/CMakeFiles/CMakeTmp/CheckSymbolExists.cxx: In function ‘int main(int, char**)’:
/home/kartik/Documents/gazebo_practice_ws/build/CMakeFiles/CMakeTmp/CheckSymbolExists.cxx:8:19: error: ‘Q_WS_QWS’ was not declared in this scope
   return ((int*)(&Q_WS_QWS))[argc];
                   ^~~~~~~~
/home/kartik/Documents/gazebo_practice_ws/build/CMakeFiles/CMakeTmp/CheckSymbolExists.cxx:8:19: note: suggested alternative: ‘Q_WS_X11’
   return ((int*)(&Q_WS_QWS))[argc];
                   ^~~~~~~~
                   Q_WS_X11
CMakeFiles/cmTC_705c8.dir/build.make:65: recipe for target 'CMakeFiles/cmTC_705c8.dir/CheckSymbolExists.cxx.o' failed
make[2]: *** [CMakeFiles/cmTC_705c8.dir/CheckSymbolExists.cxx.o] Error 1
make[2]: Leaving directory '/home/kartik/Documents/gazebo_practice_ws/build/CMakeFiles/CMakeTmp'
Makefile:126: recipe for target 'cmTC_705c8/fast' failed
make[1]: *** [cmTC_705c8/fast] Error 2
make[1]: Leaving directory '/home/kartik/Documents/gazebo_practice_ws/build/CMakeFiles/CMakeTmp'

File /home/kartik/Documents/gazebo_practice_ws/build/CMakeFiles/CMakeTmp/CheckSymbolExists.cxx:
/* */
#include <QtCore/qglobal.h>

int main(int argc, char** argv)
{
  (void)argv;
#ifndef Q_WS_QWS
  return ((int*)(&Q_WS_QWS))[argc];
#else
  (void)argc;
  return 0;
#endif
}

Determining if the Q_WS_MAC exist failed with the following output:
Change Dir: /home/kartik/Documents/gazebo_practice_ws/build/CMakeFiles/CMakeTmp

Run Build Command:"/usr/bin/make" "cmTC_dc43f/fast"
make[1]: Entering directory '/home/kartik/Documents/gazebo_practice_ws/build/CMakeFiles/CMakeTmp'
/usr/bin/make -f CMakeFiles/cmTC_dc43f.dir/build.make CMakeFiles/cmTC_dc43f.dir/build
make[2]: Entering directory '/home/kartik/Documents/gazebo_practice_ws/build/CMakeFiles/CMakeTmp'
Building CXX object CMakeFiles/cmTC_dc43f.dir/CheckSymbolExists.cxx.o
/usr/bin/c++   -I/usr/include/qt4   -o CMakeFiles/cmTC_dc43f.dir/CheckSymbolExists.cxx.o -c /home/kartik/Documents/gazebo_practice_ws/build/CMakeFiles/CMakeTmp/CheckSymbolExists.cxx
/home/kartik/Documents/gazebo_practice_ws/build/CMakeFiles/CMakeTmp/CheckSymbolExists.cxx: In function ‘int main(int, char**)’:
/home/kartik/Documents/gazebo_practice_ws/build/CMakeFiles/CMakeTmp/CheckSymbolExists.cxx:8:19: error: ‘Q_WS_MAC’ was not declared in this scope
   return ((int*)(&Q_WS_MAC))[argc];
                   ^~~~~~~~
/home/kartik/Documents/gazebo_practice_ws/build/CMakeFiles/CMakeTmp/CheckSymbolExists.cxx:8:19: note: suggested alternative: ‘Q_WS_X11’
   return ((int*)(&Q_WS_MAC))[argc];
                   ^~~~~~~~
                   Q_WS_X11
CMakeFiles/cmTC_dc43f.dir/build.make:65: recipe for target 'CMakeFiles/cmTC_dc43f.dir/CheckSymbolExists.cxx.o' failed
make[2]: *** [CMakeFiles/cmTC_dc43f.dir/CheckSymbolExists.cxx.o] Error 1
make[2]: Leaving directory '/home/kartik/Documents/gazebo_practice_ws/build/CMakeFiles/CMakeTmp'
Makefile:126: recipe for target 'cmTC_dc43f/fast' failed
make[1]: *** [cmTC_dc43f/fast] Error 2
make[1]: Leaving directory '/home/kartik/Documents/gazebo_practice_ws/build/CMakeFiles/CMakeTmp'

File /home/kartik/Documents/gazebo_practice_ws/build/CMakeFiles/CMakeTmp/CheckSymbolExists.cxx:
/* */
#include <QtCore/qglobal.h>

int main(int argc, char** argv)
{
  (void)argv;
#ifndef Q_WS_MAC
  return ((int*)(&Q_WS_MAC))[argc];
#else
  (void)argc;
  return 0;
#endif
}

